<?xml version="1.0" encoding="UTF-8"?>
<!-- Generated by org.testng.reporters.JUnitXMLReporter -->
<testsuite ignored="0" hostname="VoThiThaoNguyen" failures="6" tests="22" name="SanPhamTest" time="0.685" errors="0" timestamp="2024-04-03T16:56:39 ICT">
  <testcase classname="Nhiem.SanPham.capNhapCTSPTest" name="TC_CAPNHATCTSP_01" time="0.064"/>
  <testcase classname="Nhiem.SanPham.capNhapCTSPTest" name="TC_CAPNHATCTSP_02" time="0.024">
    <failure type="java.lang.AssertionError" message="expected [false] but found [true]">
      <![CDATA[java.lang.AssertionError: expected [false] but found [true]
at Nhiem.SanPham.capNhapCTSPTest.TC_CAPNHATCTSP_02(capNhapCTSPTest.java:41)
at java.base/java.util.ArrayList.forEach(ArrayList.java:1511)
... Removed 29 stack frames]]>
    </failure>
  </testcase> <!-- TC_CAPNHATCTSP_02 -->
  <testcase classname="Nhiem.SanPham.capNhapCTSPTest" name="TC_CAPNHATCTSP_03" time="0.024">
    <failure type="java.lang.AssertionError" message="expected [false] but found [true]">
      <![CDATA[java.lang.AssertionError: expected [false] but found [true]
at Nhiem.SanPham.capNhapCTSPTest.TC_CAPNHATCTSP_03(capNhapCTSPTest.java:58)
at java.base/java.util.ArrayList.forEach(ArrayList.java:1511)
... Removed 29 stack frames]]>
    </failure>
  </testcase> <!-- TC_CAPNHATCTSP_03 -->
  <testcase classname="Nhiem.SanPham.capNhapCTSPTest" name="TC_CAPNHATCTSP_04" time="0.021"/>
  <testcase classname="Nhiem.SanPham.capNhapCTSPTest" name="TC_CAPNHATCTSP_05" time="0.021"/>
  <testcase classname="Nhiem.SanPham.CapNhapTest" name="TC_CAPNHAT_01" time="0.047"/>
  <testcase classname="Nhiem.SanPham.CapNhapTest" name="TC_CAPNHAT_02" time="0.038">
    <failure type="java.lang.AssertionError" message="expected [false] but found [true]">
      <![CDATA[java.lang.AssertionError: expected [false] but found [true]
at Nhiem.SanPham.CapNhapTest.TC_CAPNHAT_02(CapNhapTest.java:42)
at java.base/java.util.ArrayList.forEach(ArrayList.java:1511)
... Removed 29 stack frames]]>
    </failure>
  </testcase> <!-- TC_CAPNHAT_02 -->
  <testcase classname="Nhiem.SanPham.CapNhapTest" name="TC_CAPNHAT_03" time="0.036">
    <failure type="java.lang.AssertionError" message="expected [false] but found [true]">
      <![CDATA[java.lang.AssertionError: expected [false] but found [true]
at Nhiem.SanPham.CapNhapTest.TC_CAPNHAT_03(CapNhapTest.java:56)
at java.base/java.util.ArrayList.forEach(ArrayList.java:1511)
... Removed 29 stack frames]]>
    </failure>
  </testcase> <!-- TC_CAPNHAT_03 -->
  <testcase classname="Nhiem.SanPham.CapNhapTest" name="TC_CAPNHAT_04" time="0.019">
    <failure type="java.lang.AssertionError" message="expected [true] but found [false]">
      <![CDATA[java.lang.AssertionError: expected [true] but found [false]
at Nhiem.SanPham.CapNhapTest.TC_CAPNHAT_04(CapNhapTest.java:76)
at java.base/java.util.ArrayList.forEach(ArrayList.java:1511)
... Removed 29 stack frames]]>
    </failure>
  </testcase> <!-- TC_CAPNHAT_04 -->
  <testcase classname="Nhiem.SanPham.CapNhapTest" name="TC_CAPNHAT_05" time="0.047"/>
  <testcase classname="Nhiem.SanPham.taoMaCTSPTest" name="test_TC_TAOCTSP_01" time="0.002"/>
  <testcase classname="Nhiem.SanPham.taoMaCTSPTest" name="test_TC_TAOCTSP_02" time="0.001"/>
  <testcase classname="Nhiem.SanPham.taoMaCTSPTest" name="test_TC_TAOCTSP_03" time="0.001"/>
  <testcase classname="Nhiem.SanPham.taoMaSPTest" name="C_TAOMASP_03" time="0.002"/>
  <testcase classname="Nhiem.SanPham.taoMaSPTest" name="TC_TAOMASP_01" time="0.0"/>
  <testcase classname="Nhiem.SanPham.taoMaSPTest" name="TC_TAOMASP_02" time="0.001"/>
  <testcase classname="Nhiem.SanPham.themTest" name="TC_THEM_01" time="0.06"/>
  <testcase classname="Nhiem.SanPham.themTest" name="TC_THEM_02" time="0.03"/>
  <testcase classname="Nhiem.SanPham.themTest" name="TC_THEM_03" time="0.03"/>
  <testcase classname="Nhiem.SanPham.themCTSPTest" name="TC_THEMCTSP_01" time="0.051"/>
  <testcase classname="Nhiem.SanPham.themCTSPTest" name="TC_THEMCTSP_02" time="0.045">
    <failure type="java.lang.AssertionError" message="expected [false] but found [true]">
      <![CDATA[java.lang.AssertionError: expected [false] but found [true]
at Nhiem.SanPham.themCTSPTest.TC_THEMCTSP_02(themCTSPTest.java:31)
at java.base/java.util.ArrayList.forEach(ArrayList.java:1511)
... Removed 29 stack frames]]>
    </failure>
  </testcase> <!-- TC_THEMCTSP_02 -->
  <testcase classname="Nhiem.SanPham.themCTSPTest" name="TC_THEMCTSP_03" time="0.056"/>
</testsuite> <!-- SanPhamTest -->
