<html>
<head>
<title>TestNG:  SanPhamTest</title>
<link href="../testng.css" rel="stylesheet" type="text/css" />
<link href="../my-testng.css" rel="stylesheet" type="text/css" />

<style type="text/css">
.log { display: none;} 
.stack-trace { display: none;} 
</style>
<script type="text/javascript">
<!--
function flip(e) {
  current = e.style.display;
  if (current == 'block') {
    e.style.display = 'none';
    return 0;
  }
  else {
    e.style.display = 'block';
    return 1;
  }
}

function toggleBox(szDivId, elem, msg1, msg2)
{
  var res = -1;  if (document.getElementById) {
    res = flip(document.getElementById(szDivId));
  }
  else if (document.all) {
    // this is the way old msie versions work
    res = flip(document.all[szDivId]);
  }
  if(elem) {
    if(res == 0) elem.innerHTML = msg1; else elem.innerHTML = msg2;
  }

}

function toggleAllBoxes() {
  if (document.getElementsByTagName) {
    d = document.getElementsByTagName('div');
    for (i = 0; i < d.length; i++) {
      if (d[i].className == 'log') {
        flip(d[i]);
      }
    }
  }
}

// -->
</script>

</head>
<body>
<h2 align='center'>SanPhamTest</h2><table border='1' align="center">
<tr>
<td>Tests passed/Failed/Skipped:</td><td>16/6/0</td>
</tr><tr>
<td>Started on:</td><td>Wed Apr 03 16:56:39 ICT 2024</td>
</tr>
<tr><td>Total time:</td><td>0 seconds (685 ms)</td>
</tr><tr>
<td>Included groups:</td><td></td>
</tr><tr>
<td>Excluded groups:</td><td></td>
</tr>
</table><p/>
<small><i>(Hover the method name to see the test class name)</i></small><p/>
<table width='100%' border='1' class='invocation-failed'>
<tr><td colspan='4' align='center'><b>FAILED TESTS</b></td></tr>
<tr><td><b>Test method</b></td>
<td width="30%"><b>Exception</b></td>
<td width="10%"><b>Time (seconds)</b></td>
<td><b>Instance</b></td>
</tr>
<tr>
<td title='Nhiem.SanPham.CapNhapTest.TC_CAPNHAT_04()'><b>TC_CAPNHAT_04</b><br>Test class: Nhiem.SanPham.CapNhapTest</td>
<td><div><pre>java.lang.AssertionError: expected [true] but found [false]
	at Nhiem.SanPham.CapNhapTest.TC_CAPNHAT_04(CapNhapTest.java:76)
	at java.base/java.util.ArrayList.forEach(ArrayList.java:1511)
... Removed 29 stack frames</pre></div><a href='#' onClick='toggleBox("stack-trace98412281", this, "Click to show all stack frames", "Click to hide stack frames")'>Click to show all stack frames</a>
<div class='stack-trace' id='stack-trace98412281'><pre>java.lang.AssertionError: expected [true] but found [false]
	at org.testng.Assert.fail(Assert.java:99)
	at org.testng.Assert.failNotEquals(Assert.java:1037)
	at org.testng.Assert.assertTrue(Assert.java:45)
	at org.testng.Assert.assertTrue(Assert.java:55)
	at Nhiem.SanPham.CapNhapTest.TC_CAPNHAT_04(CapNhapTest.java:76)
	at java.base/jdk.internal.reflect.DirectMethodHandleAccessor.invoke(DirectMethodHandleAccessor.java:104)
	at java.base/java.lang.reflect.Method.invoke(Method.java:578)
	at org.testng.internal.MethodInvocationHelper.invokeMethod(MethodInvocationHelper.java:133)
	at org.testng.internal.TestInvoker.invokeMethod(TestInvoker.java:598)
	at org.testng.internal.TestInvoker.invokeTestMethod(TestInvoker.java:173)
	at org.testng.internal.MethodRunner.runInSequence(MethodRunner.java:46)
	at org.testng.internal.TestInvoker$MethodInvocationAgent.invoke(TestInvoker.java:824)
	at org.testng.internal.TestInvoker.invokeTestMethods(TestInvoker.java:146)
	at org.testng.internal.TestMethodWorker.invokeTestMethods(TestMethodWorker.java:146)
	at org.testng.internal.TestMethodWorker.run(TestMethodWorker.java:128)
	at java.base/java.util.ArrayList.forEach(ArrayList.java:1511)
	at org.testng.TestRunner.privateRun(TestRunner.java:794)
	at org.testng.TestRunner.run(TestRunner.java:596)
	at org.testng.SuiteRunner.runTest(SuiteRunner.java:377)
	at org.testng.SuiteRunner.runSequentially(SuiteRunner.java:371)
	at org.testng.SuiteRunner.privateRun(SuiteRunner.java:332)
	at org.testng.SuiteRunner.run(SuiteRunner.java:276)
	at org.testng.SuiteRunnerWorker.runSuite(SuiteRunnerWorker.java:53)
	at org.testng.SuiteRunnerWorker.run(SuiteRunnerWorker.java:96)
	at org.testng.TestNG.runSuitesSequentially(TestNG.java:1212)
	at org.testng.TestNG.runSuitesLocally(TestNG.java:1134)
	at org.testng.TestNG.runSuites(TestNG.java:1063)
	at org.testng.TestNG.run(TestNG.java:1031)
	at org.testng.remote.AbstractRemoteTestNG.run(AbstractRemoteTestNG.java:115)
	at org.testng.remote.RemoteTestNG.initAndRun(RemoteTestNG.java:251)
	at org.testng.remote.RemoteTestNG.main(RemoteTestNG.java:77)
</pre></div></td>
<td>0</td>
<td>Nhiem.SanPham.CapNhapTest@4c37b5b</td></tr>
<tr>
<td title='Nhiem.SanPham.CapNhapTest.TC_CAPNHAT_03()'><b>TC_CAPNHAT_03</b><br>Test class: Nhiem.SanPham.CapNhapTest</td>
<td><div><pre>java.lang.AssertionError: expected [false] but found [true]
	at Nhiem.SanPham.CapNhapTest.TC_CAPNHAT_03(CapNhapTest.java:56)
	at java.base/java.util.ArrayList.forEach(ArrayList.java:1511)
... Removed 29 stack frames</pre></div><a href='#' onClick='toggleBox("stack-trace55755528", this, "Click to show all stack frames", "Click to hide stack frames")'>Click to show all stack frames</a>
<div class='stack-trace' id='stack-trace55755528'><pre>java.lang.AssertionError: expected [false] but found [true]
	at org.testng.Assert.fail(Assert.java:99)
	at org.testng.Assert.failNotEquals(Assert.java:1037)
	at org.testng.Assert.assertFalse(Assert.java:67)
	at org.testng.Assert.assertFalse(Assert.java:77)
	at Nhiem.SanPham.CapNhapTest.TC_CAPNHAT_03(CapNhapTest.java:56)
	at java.base/jdk.internal.reflect.DirectMethodHandleAccessor.invoke(DirectMethodHandleAccessor.java:104)
	at java.base/java.lang.reflect.Method.invoke(Method.java:578)
	at org.testng.internal.MethodInvocationHelper.invokeMethod(MethodInvocationHelper.java:133)
	at org.testng.internal.TestInvoker.invokeMethod(TestInvoker.java:598)
	at org.testng.internal.TestInvoker.invokeTestMethod(TestInvoker.java:173)
	at org.testng.internal.MethodRunner.runInSequence(MethodRunner.java:46)
	at org.testng.internal.TestInvoker$MethodInvocationAgent.invoke(TestInvoker.java:824)
	at org.testng.internal.TestInvoker.invokeTestMethods(TestInvoker.java:146)
	at org.testng.internal.TestMethodWorker.invokeTestMethods(TestMethodWorker.java:146)
	at org.testng.internal.TestMethodWorker.run(TestMethodWorker.java:128)
	at java.base/java.util.ArrayList.forEach(ArrayList.java:1511)
	at org.testng.TestRunner.privateRun(TestRunner.java:794)
	at org.testng.TestRunner.run(TestRunner.java:596)
	at org.testng.SuiteRunner.runTest(SuiteRunner.java:377)
	at org.testng.SuiteRunner.runSequentially(SuiteRunner.java:371)
	at org.testng.SuiteRunner.privateRun(SuiteRunner.java:332)
	at org.testng.SuiteRunner.run(SuiteRunner.java:276)
	at org.testng.SuiteRunnerWorker.runSuite(SuiteRunnerWorker.java:53)
	at org.testng.SuiteRunnerWorker.run(SuiteRunnerWorker.java:96)
	at org.testng.TestNG.runSuitesSequentially(TestNG.java:1212)
	at org.testng.TestNG.runSuitesLocally(TestNG.java:1134)
	at org.testng.TestNG.runSuites(TestNG.java:1063)
	at org.testng.TestNG.run(TestNG.java:1031)
	at org.testng.remote.AbstractRemoteTestNG.run(AbstractRemoteTestNG.java:115)
	at org.testng.remote.RemoteTestNG.initAndRun(RemoteTestNG.java:251)
	at org.testng.remote.RemoteTestNG.main(RemoteTestNG.java:77)
</pre></div></td>
<td>0</td>
<td>Nhiem.SanPham.CapNhapTest@4c37b5b</td></tr>
<tr>
<td title='Nhiem.SanPham.CapNhapTest.TC_CAPNHAT_02()'><b>TC_CAPNHAT_02</b><br>Test class: Nhiem.SanPham.CapNhapTest</td>
<td><div><pre>java.lang.AssertionError: expected [false] but found [true]
	at Nhiem.SanPham.CapNhapTest.TC_CAPNHAT_02(CapNhapTest.java:42)
	at java.base/java.util.ArrayList.forEach(ArrayList.java:1511)
... Removed 29 stack frames</pre></div><a href='#' onClick='toggleBox("stack-trace1443173326", this, "Click to show all stack frames", "Click to hide stack frames")'>Click to show all stack frames</a>
<div class='stack-trace' id='stack-trace1443173326'><pre>java.lang.AssertionError: expected [false] but found [true]
	at org.testng.Assert.fail(Assert.java:99)
	at org.testng.Assert.failNotEquals(Assert.java:1037)
	at org.testng.Assert.assertFalse(Assert.java:67)
	at org.testng.Assert.assertFalse(Assert.java:77)
	at Nhiem.SanPham.CapNhapTest.TC_CAPNHAT_02(CapNhapTest.java:42)
	at java.base/jdk.internal.reflect.DirectMethodHandleAccessor.invoke(DirectMethodHandleAccessor.java:104)
	at java.base/java.lang.reflect.Method.invoke(Method.java:578)
	at org.testng.internal.MethodInvocationHelper.invokeMethod(MethodInvocationHelper.java:133)
	at org.testng.internal.TestInvoker.invokeMethod(TestInvoker.java:598)
	at org.testng.internal.TestInvoker.invokeTestMethod(TestInvoker.java:173)
	at org.testng.internal.MethodRunner.runInSequence(MethodRunner.java:46)
	at org.testng.internal.TestInvoker$MethodInvocationAgent.invoke(TestInvoker.java:824)
	at org.testng.internal.TestInvoker.invokeTestMethods(TestInvoker.java:146)
	at org.testng.internal.TestMethodWorker.invokeTestMethods(TestMethodWorker.java:146)
	at org.testng.internal.TestMethodWorker.run(TestMethodWorker.java:128)
	at java.base/java.util.ArrayList.forEach(ArrayList.java:1511)
	at org.testng.TestRunner.privateRun(TestRunner.java:794)
	at org.testng.TestRunner.run(TestRunner.java:596)
	at org.testng.SuiteRunner.runTest(SuiteRunner.java:377)
	at org.testng.SuiteRunner.runSequentially(SuiteRunner.java:371)
	at org.testng.SuiteRunner.privateRun(SuiteRunner.java:332)
	at org.testng.SuiteRunner.run(SuiteRunner.java:276)
	at org.testng.SuiteRunnerWorker.runSuite(SuiteRunnerWorker.java:53)
	at org.testng.SuiteRunnerWorker.run(SuiteRunnerWorker.java:96)
	at org.testng.TestNG.runSuitesSequentially(TestNG.java:1212)
	at org.testng.TestNG.runSuitesLocally(TestNG.java:1134)
	at org.testng.TestNG.runSuites(TestNG.java:1063)
	at org.testng.TestNG.run(TestNG.java:1031)
	at org.testng.remote.AbstractRemoteTestNG.run(AbstractRemoteTestNG.java:115)
	at org.testng.remote.RemoteTestNG.initAndRun(RemoteTestNG.java:251)
	at org.testng.remote.RemoteTestNG.main(RemoteTestNG.java:77)
</pre></div></td>
<td>0</td>
<td>Nhiem.SanPham.CapNhapTest@4c37b5b</td></tr>
<tr>
<td title='Nhiem.SanPham.capNhapCTSPTest.TC_CAPNHATCTSP_02()'><b>TC_CAPNHATCTSP_02</b><br>Test class: Nhiem.SanPham.capNhapCTSPTest</td>
<td><div><pre>java.lang.AssertionError: expected [false] but found [true]
	at Nhiem.SanPham.capNhapCTSPTest.TC_CAPNHATCTSP_02(capNhapCTSPTest.java:41)
	at java.base/java.util.ArrayList.forEach(ArrayList.java:1511)
... Removed 29 stack frames</pre></div><a href='#' onClick='toggleBox("stack-trace846718105", this, "Click to show all stack frames", "Click to hide stack frames")'>Click to show all stack frames</a>
<div class='stack-trace' id='stack-trace846718105'><pre>java.lang.AssertionError: expected [false] but found [true]
	at org.testng.Assert.fail(Assert.java:99)
	at org.testng.Assert.failNotEquals(Assert.java:1037)
	at org.testng.Assert.assertFalse(Assert.java:67)
	at org.testng.Assert.assertFalse(Assert.java:77)
	at Nhiem.SanPham.capNhapCTSPTest.TC_CAPNHATCTSP_02(capNhapCTSPTest.java:41)
	at java.base/jdk.internal.reflect.DirectMethodHandleAccessor.invoke(DirectMethodHandleAccessor.java:104)
	at java.base/java.lang.reflect.Method.invoke(Method.java:578)
	at org.testng.internal.MethodInvocationHelper.invokeMethod(MethodInvocationHelper.java:133)
	at org.testng.internal.TestInvoker.invokeMethod(TestInvoker.java:598)
	at org.testng.internal.TestInvoker.invokeTestMethod(TestInvoker.java:173)
	at org.testng.internal.MethodRunner.runInSequence(MethodRunner.java:46)
	at org.testng.internal.TestInvoker$MethodInvocationAgent.invoke(TestInvoker.java:824)
	at org.testng.internal.TestInvoker.invokeTestMethods(TestInvoker.java:146)
	at org.testng.internal.TestMethodWorker.invokeTestMethods(TestMethodWorker.java:146)
	at org.testng.internal.TestMethodWorker.run(TestMethodWorker.java:128)
	at java.base/java.util.ArrayList.forEach(ArrayList.java:1511)
	at org.testng.TestRunner.privateRun(TestRunner.java:794)
	at org.testng.TestRunner.run(TestRunner.java:596)
	at org.testng.SuiteRunner.runTest(SuiteRunner.java:377)
	at org.testng.SuiteRunner.runSequentially(SuiteRunner.java:371)
	at org.testng.SuiteRunner.privateRun(SuiteRunner.java:332)
	at org.testng.SuiteRunner.run(SuiteRunner.java:276)
	at org.testng.SuiteRunnerWorker.runSuite(SuiteRunnerWorker.java:53)
	at org.testng.SuiteRunnerWorker.run(SuiteRunnerWorker.java:96)
	at org.testng.TestNG.runSuitesSequentially(TestNG.java:1212)
	at org.testng.TestNG.runSuitesLocally(TestNG.java:1134)
	at org.testng.TestNG.runSuites(TestNG.java:1063)
	at org.testng.TestNG.run(TestNG.java:1031)
	at org.testng.remote.AbstractRemoteTestNG.run(AbstractRemoteTestNG.java:115)
	at org.testng.remote.RemoteTestNG.initAndRun(RemoteTestNG.java:251)
	at org.testng.remote.RemoteTestNG.main(RemoteTestNG.java:77)
</pre></div></td>
<td>0</td>
<td>Nhiem.SanPham.capNhapCTSPTest@1c7fd41f</td></tr>
<tr>
<td title='Nhiem.SanPham.capNhapCTSPTest.TC_CAPNHATCTSP_03()'><b>TC_CAPNHATCTSP_03</b><br>Test class: Nhiem.SanPham.capNhapCTSPTest</td>
<td><div><pre>java.lang.AssertionError: expected [false] but found [true]
	at Nhiem.SanPham.capNhapCTSPTest.TC_CAPNHATCTSP_03(capNhapCTSPTest.java:58)
	at java.base/java.util.ArrayList.forEach(ArrayList.java:1511)
... Removed 29 stack frames</pre></div><a href='#' onClick='toggleBox("stack-trace1091781053", this, "Click to show all stack frames", "Click to hide stack frames")'>Click to show all stack frames</a>
<div class='stack-trace' id='stack-trace1091781053'><pre>java.lang.AssertionError: expected [false] but found [true]
	at org.testng.Assert.fail(Assert.java:99)
	at org.testng.Assert.failNotEquals(Assert.java:1037)
	at org.testng.Assert.assertFalse(Assert.java:67)
	at org.testng.Assert.assertFalse(Assert.java:77)
	at Nhiem.SanPham.capNhapCTSPTest.TC_CAPNHATCTSP_03(capNhapCTSPTest.java:58)
	at java.base/jdk.internal.reflect.DirectMethodHandleAccessor.invoke(DirectMethodHandleAccessor.java:104)
	at java.base/java.lang.reflect.Method.invoke(Method.java:578)
	at org.testng.internal.MethodInvocationHelper.invokeMethod(MethodInvocationHelper.java:133)
	at org.testng.internal.TestInvoker.invokeMethod(TestInvoker.java:598)
	at org.testng.internal.TestInvoker.invokeTestMethod(TestInvoker.java:173)
	at org.testng.internal.MethodRunner.runInSequence(MethodRunner.java:46)
	at org.testng.internal.TestInvoker$MethodInvocationAgent.invoke(TestInvoker.java:824)
	at org.testng.internal.TestInvoker.invokeTestMethods(TestInvoker.java:146)
	at org.testng.internal.TestMethodWorker.invokeTestMethods(TestMethodWorker.java:146)
	at org.testng.internal.TestMethodWorker.run(TestMethodWorker.java:128)
	at java.base/java.util.ArrayList.forEach(ArrayList.java:1511)
	at org.testng.TestRunner.privateRun(TestRunner.java:794)
	at org.testng.TestRunner.run(TestRunner.java:596)
	at org.testng.SuiteRunner.runTest(SuiteRunner.java:377)
	at org.testng.SuiteRunner.runSequentially(SuiteRunner.java:371)
	at org.testng.SuiteRunner.privateRun(SuiteRunner.java:332)
	at org.testng.SuiteRunner.run(SuiteRunner.java:276)
	at org.testng.SuiteRunnerWorker.runSuite(SuiteRunnerWorker.java:53)
	at org.testng.SuiteRunnerWorker.run(SuiteRunnerWorker.java:96)
	at org.testng.TestNG.runSuitesSequentially(TestNG.java:1212)
	at org.testng.TestNG.runSuitesLocally(TestNG.java:1134)
	at org.testng.TestNG.runSuites(TestNG.java:1063)
	at org.testng.TestNG.run(TestNG.java:1031)
	at org.testng.remote.AbstractRemoteTestNG.run(AbstractRemoteTestNG.java:115)
	at org.testng.remote.RemoteTestNG.initAndRun(RemoteTestNG.java:251)
	at org.testng.remote.RemoteTestNG.main(RemoteTestNG.java:77)
</pre></div></td>
<td>0</td>
<td>Nhiem.SanPham.capNhapCTSPTest@1c7fd41f</td></tr>
<tr>
<td title='Nhiem.SanPham.themCTSPTest.TC_THEMCTSP_02()'><b>TC_THEMCTSP_02</b><br>Test class: Nhiem.SanPham.themCTSPTest</td>
<td><div><pre>java.lang.AssertionError: expected [false] but found [true]
	at Nhiem.SanPham.themCTSPTest.TC_THEMCTSP_02(themCTSPTest.java:31)
	at java.base/java.util.ArrayList.forEach(ArrayList.java:1511)
... Removed 29 stack frames</pre></div><a href='#' onClick='toggleBox("stack-trace1911138454", this, "Click to show all stack frames", "Click to hide stack frames")'>Click to show all stack frames</a>
<div class='stack-trace' id='stack-trace1911138454'><pre>java.lang.AssertionError: expected [false] but found [true]
	at org.testng.Assert.fail(Assert.java:99)
	at org.testng.Assert.failNotEquals(Assert.java:1037)
	at org.testng.Assert.assertFalse(Assert.java:67)
	at org.testng.Assert.assertFalse(Assert.java:77)
	at Nhiem.SanPham.themCTSPTest.TC_THEMCTSP_02(themCTSPTest.java:31)
	at java.base/jdk.internal.reflect.DirectMethodHandleAccessor.invoke(DirectMethodHandleAccessor.java:104)
	at java.base/java.lang.reflect.Method.invoke(Method.java:578)
	at org.testng.internal.MethodInvocationHelper.invokeMethod(MethodInvocationHelper.java:133)
	at org.testng.internal.TestInvoker.invokeMethod(TestInvoker.java:598)
	at org.testng.internal.TestInvoker.invokeTestMethod(TestInvoker.java:173)
	at org.testng.internal.MethodRunner.runInSequence(MethodRunner.java:46)
	at org.testng.internal.TestInvoker$MethodInvocationAgent.invoke(TestInvoker.java:824)
	at org.testng.internal.TestInvoker.invokeTestMethods(TestInvoker.java:146)
	at org.testng.internal.TestMethodWorker.invokeTestMethods(TestMethodWorker.java:146)
	at org.testng.internal.TestMethodWorker.run(TestMethodWorker.java:128)
	at java.base/java.util.ArrayList.forEach(ArrayList.java:1511)
	at org.testng.TestRunner.privateRun(TestRunner.java:794)
	at org.testng.TestRunner.run(TestRunner.java:596)
	at org.testng.SuiteRunner.runTest(SuiteRunner.java:377)
	at org.testng.SuiteRunner.runSequentially(SuiteRunner.java:371)
	at org.testng.SuiteRunner.privateRun(SuiteRunner.java:332)
	at org.testng.SuiteRunner.run(SuiteRunner.java:276)
	at org.testng.SuiteRunnerWorker.runSuite(SuiteRunnerWorker.java:53)
	at org.testng.SuiteRunnerWorker.run(SuiteRunnerWorker.java:96)
	at org.testng.TestNG.runSuitesSequentially(TestNG.java:1212)
	at org.testng.TestNG.runSuitesLocally(TestNG.java:1134)
	at org.testng.TestNG.runSuites(TestNG.java:1063)
	at org.testng.TestNG.run(TestNG.java:1031)
	at org.testng.remote.AbstractRemoteTestNG.run(AbstractRemoteTestNG.java:115)
	at org.testng.remote.RemoteTestNG.initAndRun(RemoteTestNG.java:251)
	at org.testng.remote.RemoteTestNG.main(RemoteTestNG.java:77)
</pre></div></td>
<td>0</td>
<td>Nhiem.SanPham.themCTSPTest@7c041b41</td></tr>
</table><p>
<table width='100%' border='1' class='invocation-passed'>
<tr><td colspan='4' align='center'><b>PASSED TESTS</b></td></tr>
<tr><td><b>Test method</b></td>
<td width="30%"><b>Exception</b></td>
<td width="10%"><b>Time (seconds)</b></td>
<td><b>Instance</b></td>
</tr>
<tr>
<td title='Nhiem.SanPham.CapNhapTest.TC_CAPNHAT_05()'><b>TC_CAPNHAT_05</b><br>Test class: Nhiem.SanPham.CapNhapTest</td>
<td></td>
<td>0</td>
<td>Nhiem.SanPham.CapNhapTest@4c37b5b</td></tr>
<tr>
<td title='Nhiem.SanPham.taoMaCTSPTest.test_TC_TAOCTSP_01()'><b>test_TC_TAOCTSP_01</b><br>Test class: Nhiem.SanPham.taoMaCTSPTest</td>
<td></td>
<td>0</td>
<td>Nhiem.SanPham.taoMaCTSPTest@2364305a</td></tr>
<tr>
<td title='Nhiem.SanPham.taoMaCTSPTest.test_TC_TAOCTSP_02()'><b>test_TC_TAOCTSP_02</b><br>Test class: Nhiem.SanPham.taoMaCTSPTest</td>
<td></td>
<td>0</td>
<td>Nhiem.SanPham.taoMaCTSPTest@2364305a</td></tr>
<tr>
<td title='Nhiem.SanPham.taoMaCTSPTest.test_TC_TAOCTSP_03()'><b>test_TC_TAOCTSP_03</b><br>Test class: Nhiem.SanPham.taoMaCTSPTest</td>
<td></td>
<td>0</td>
<td>Nhiem.SanPham.taoMaCTSPTest@2364305a</td></tr>
<tr>
<td title='Nhiem.SanPham.taoMaSPTest.TC_TAOMASP_02()'><b>TC_TAOMASP_02</b><br>Test class: Nhiem.SanPham.taoMaSPTest</td>
<td></td>
<td>0</td>
<td>Nhiem.SanPham.taoMaSPTest@7a7471ce</td></tr>
<tr>
<td title='Nhiem.SanPham.capNhapCTSPTest.TC_CAPNHATCTSP_01()'><b>TC_CAPNHATCTSP_01</b><br>Test class: Nhiem.SanPham.capNhapCTSPTest</td>
<td></td>
<td>0</td>
<td>Nhiem.SanPham.capNhapCTSPTest@1c7fd41f</td></tr>
<tr>
<td title='Nhiem.SanPham.capNhapCTSPTest.TC_CAPNHATCTSP_05()'><b>TC_CAPNHATCTSP_05</b><br>Test class: Nhiem.SanPham.capNhapCTSPTest</td>
<td></td>
<td>0</td>
<td>Nhiem.SanPham.capNhapCTSPTest@1c7fd41f</td></tr>
<tr>
<td title='Nhiem.SanPham.taoMaSPTest.C_TAOMASP_03()'><b>C_TAOMASP_03</b><br>Test class: Nhiem.SanPham.taoMaSPTest</td>
<td></td>
<td>0</td>
<td>Nhiem.SanPham.taoMaSPTest@7a7471ce</td></tr>
<tr>
<td title='Nhiem.SanPham.taoMaSPTest.TC_TAOMASP_01()'><b>TC_TAOMASP_01</b><br>Test class: Nhiem.SanPham.taoMaSPTest</td>
<td></td>
<td>0</td>
<td>Nhiem.SanPham.taoMaSPTest@7a7471ce</td></tr>
<tr>
<td title='Nhiem.SanPham.themCTSPTest.TC_THEMCTSP_03()'><b>TC_THEMCTSP_03</b><br>Test class: Nhiem.SanPham.themCTSPTest</td>
<td></td>
<td>0</td>
<td>Nhiem.SanPham.themCTSPTest@7c041b41</td></tr>
<tr>
<td title='Nhiem.SanPham.themTest.TC_THEM_02()'><b>TC_THEM_02</b><br>Test class: Nhiem.SanPham.themTest</td>
<td></td>
<td>0</td>
<td>Nhiem.SanPham.themTest@3e2943ab</td></tr>
<tr>
<td title='Nhiem.SanPham.themCTSPTest.TC_THEMCTSP_01()'><b>TC_THEMCTSP_01</b><br>Test class: Nhiem.SanPham.themCTSPTest</td>
<td></td>
<td>0</td>
<td>Nhiem.SanPham.themCTSPTest@7c041b41</td></tr>
<tr>
<td title='Nhiem.SanPham.themTest.TC_THEM_03()'><b>TC_THEM_03</b><br>Test class: Nhiem.SanPham.themTest</td>
<td></td>
<td>0</td>
<td>Nhiem.SanPham.themTest@3e2943ab</td></tr>
<tr>
<td title='Nhiem.SanPham.capNhapCTSPTest.TC_CAPNHATCTSP_04()'><b>TC_CAPNHATCTSP_04</b><br>Test class: Nhiem.SanPham.capNhapCTSPTest</td>
<td></td>
<td>0</td>
<td>Nhiem.SanPham.capNhapCTSPTest@1c7fd41f</td></tr>
<tr>
<td title='Nhiem.SanPham.CapNhapTest.TC_CAPNHAT_01()'><b>TC_CAPNHAT_01</b><br>Test class: Nhiem.SanPham.CapNhapTest</td>
<td></td>
<td>0</td>
<td>Nhiem.SanPham.CapNhapTest@4c37b5b</td></tr>
<tr>
<td title='Nhiem.SanPham.themTest.TC_THEM_01()'><b>TC_THEM_01</b><br>Test class: Nhiem.SanPham.themTest</td>
<td></td>
<td>0</td>
<td>Nhiem.SanPham.themTest@3e2943ab</td></tr>
</table><p>
</body>
</html>