<?xml version="1.0" encoding="UTF-8"?>
<!-- Generated by org.testng.reporters.JUnitReportReporter -->
<testsuite hostname="DESKTOP-9I87QRH" failures="2" tests="11" name="Nhiem.SanPham.capNhapCTSPTest" time="0.657" errors="0" timestamp="2024-04-07T17:49:51 ICT" skipped="0">
  <testcase classname="Nhiem.SanPham.capNhapCTSPTest" name="TC_CAPNHATCTSP_10" time="0.036">
    <failure message="expected [Lỗi bỏ trống mã kích thước] but found [Lỗi bỏ trống mã màuLỗi bỏ trống mã kích thước]" type="java.lang.AssertionError">
      <![CDATA[java.lang.AssertionError: expected [Lỗi bỏ trống mã kích thước] but found [Lỗi bỏ trống mã màuLỗi bỏ trống mã kích thước]
at org.testng.Assert.fail(Assert.java:99)
at org.testng.Assert.failNotEquals(Assert.java:1037)
at org.testng.Assert.assertEqualsImpl(Assert.java:140)
at org.testng.Assert.assertEquals(Assert.java:122)
at org.testng.Assert.assertEquals(Assert.java:629)
at org.testng.Assert.assertEquals(Assert.java:639)
at Nhiem.SanPham.capNhapCTSPTest.TC_CAPNHATCTSP_10(capNhapCTSPTest.java:113)
at java.base/jdk.internal.reflect.DirectMethodHandleAccessor.invoke(DirectMethodHandleAccessor.java:104)
at java.base/java.lang.reflect.Method.invoke(Method.java:578)
at org.testng.internal.MethodInvocationHelper.invokeMethod(MethodInvocationHelper.java:133)
at org.testng.internal.TestInvoker.invokeMethod(TestInvoker.java:598)
at org.testng.internal.TestInvoker.invokeTestMethod(TestInvoker.java:173)
at org.testng.internal.MethodRunner.runInSequence(MethodRunner.java:46)
at org.testng.internal.TestInvoker$MethodInvocationAgent.invoke(TestInvoker.java:824)
at org.testng.internal.TestInvoker.invokeTestMethods(TestInvoker.java:146)
at org.testng.internal.TestMethodWorker.invokeTestMethods(TestMethodWorker.java:146)
at org.testng.internal.TestMethodWorker.run(TestMethodWorker.java:128)
at java.base/java.util.ArrayList.forEach(ArrayList.java:1511)
at org.testng.TestRunner.privateRun(TestRunner.java:794)
at org.testng.TestRunner.run(TestRunner.java:596)
at org.testng.SuiteRunner.runTest(SuiteRunner.java:377)
at org.testng.SuiteRunner.runSequentially(SuiteRunner.java:371)
at org.testng.SuiteRunner.privateRun(SuiteRunner.java:332)
at org.testng.SuiteRunner.run(SuiteRunner.java:276)
at org.testng.SuiteRunnerWorker.runSuite(SuiteRunnerWorker.java:53)
at org.testng.SuiteRunnerWorker.run(SuiteRunnerWorker.java:96)
at org.testng.TestNG.runSuitesSequentially(TestNG.java:1212)
at org.testng.TestNG.runSuitesLocally(TestNG.java:1134)
at org.testng.TestNG.runSuites(TestNG.java:1063)
at org.testng.TestNG.run(TestNG.java:1031)
at org.testng.remote.AbstractRemoteTestNG.run(AbstractRemoteTestNG.java:115)
at org.testng.remote.RemoteTestNG.initAndRun(RemoteTestNG.java:251)
at org.testng.remote.RemoteTestNG.main(RemoteTestNG.java:77)
]]>
    </failure>
  </testcase> <!-- TC_CAPNHATCTSP_10 -->
  <system-out/>
  <testcase classname="Nhiem.SanPham.capNhapCTSPTest" name="TC_CAPNHATCTSP_01" time="0.084"/>
  <system-out/>
  <testcase classname="Nhiem.SanPham.capNhapCTSPTest" name="TC_CAPNHATCTSP_06" time="0.074"/>
  <system-out/>
  <testcase classname="Nhiem.SanPham.capNhapCTSPTest" name="TC_CAPNHATCTSP_8" time="0.082"/>
  <system-out/>
  <testcase classname="Nhiem.SanPham.capNhapCTSPTest" name="TC_CAPNHATCTSP_03" time="0.031"/>
  <system-out/>
  <testcase classname="Nhiem.SanPham.capNhapCTSPTest" name="TC_CAPNHATCTSP_11" time="0.062">
    <failure message="expected [Cập nhật thành công] but found [Lỗi bỏ trống mã màu]" type="java.lang.AssertionError">
      <![CDATA[java.lang.AssertionError: expected [Cập nhật thành công] but found [Lỗi bỏ trống mã màu]
at org.testng.Assert.fail(Assert.java:99)
at org.testng.Assert.failNotEquals(Assert.java:1037)
at org.testng.Assert.assertEqualsImpl(Assert.java:140)
at org.testng.Assert.assertEquals(Assert.java:122)
at org.testng.Assert.assertEquals(Assert.java:629)
at org.testng.Assert.assertEquals(Assert.java:639)
at Nhiem.SanPham.capNhapCTSPTest.TC_CAPNHATCTSP_11(capNhapCTSPTest.java:123)
at java.base/jdk.internal.reflect.DirectMethodHandleAccessor.invoke(DirectMethodHandleAccessor.java:104)
at java.base/java.lang.reflect.Method.invoke(Method.java:578)
at org.testng.internal.MethodInvocationHelper.invokeMethod(MethodInvocationHelper.java:133)
at org.testng.internal.TestInvoker.invokeMethod(TestInvoker.java:598)
at org.testng.internal.TestInvoker.invokeTestMethod(TestInvoker.java:173)
at org.testng.internal.MethodRunner.runInSequence(MethodRunner.java:46)
at org.testng.internal.TestInvoker$MethodInvocationAgent.invoke(TestInvoker.java:824)
at org.testng.internal.TestInvoker.invokeTestMethods(TestInvoker.java:146)
at org.testng.internal.TestMethodWorker.invokeTestMethods(TestMethodWorker.java:146)
at org.testng.internal.TestMethodWorker.run(TestMethodWorker.java:128)
at java.base/java.util.ArrayList.forEach(ArrayList.java:1511)
at org.testng.TestRunner.privateRun(TestRunner.java:794)
at org.testng.TestRunner.run(TestRunner.java:596)
at org.testng.SuiteRunner.runTest(SuiteRunner.java:377)
at org.testng.SuiteRunner.runSequentially(SuiteRunner.java:371)
at org.testng.SuiteRunner.privateRun(SuiteRunner.java:332)
at org.testng.SuiteRunner.run(SuiteRunner.java:276)
at org.testng.SuiteRunnerWorker.runSuite(SuiteRunnerWorker.java:53)
at org.testng.SuiteRunnerWorker.run(SuiteRunnerWorker.java:96)
at org.testng.TestNG.runSuitesSequentially(TestNG.java:1212)
at org.testng.TestNG.runSuitesLocally(TestNG.java:1134)
at org.testng.TestNG.runSuites(TestNG.java:1063)
at org.testng.TestNG.run(TestNG.java:1031)
at org.testng.remote.AbstractRemoteTestNG.run(AbstractRemoteTestNG.java:115)
at org.testng.remote.RemoteTestNG.initAndRun(RemoteTestNG.java:251)
at org.testng.remote.RemoteTestNG.main(RemoteTestNG.java:77)
]]>
    </failure>
  </testcase> <!-- TC_CAPNHATCTSP_11 -->
  <system-out/>
  <testcase classname="Nhiem.SanPham.capNhapCTSPTest" name="TC_CAPNHATCTSP_05" time="0.084"/>
  <system-out/>
  <testcase classname="Nhiem.SanPham.capNhapCTSPTest" name="TC_CAPNHATCTSP_7" time="0.059"/>
  <system-out/>
  <testcase classname="Nhiem.SanPham.capNhapCTSPTest" name="TC_CAPNHATCTSP_02" time="0.000"/>
  <system-out/>
  <testcase classname="Nhiem.SanPham.capNhapCTSPTest" name="TC_CAPNHATCTSP_9" time="0.058"/>
  <system-out/>
  <testcase classname="Nhiem.SanPham.capNhapCTSPTest" name="TC_CAPNHATCTSP_04" time="0.087"/>
  <system-out/>
</testsuite> <!-- Nhiem.SanPham.capNhapCTSPTest -->
