<?xml version="1.0" encoding="UTF-8"?>
<!-- Generated by org.testng.reporters.JUnitReportReporter -->
<testsuite hostname="DESKTOP-9I87QRH" failures="0" tests="8" name="Nhu.KhuyenMai.CapNhatTest" time="0.102" errors="1" timestamp="2024-04-07T15:00:14 ICT" skipped="0">
  <testcase classname="Nhu.KhuyenMai.CapNhatTest" name="TC_THEMKM_01" time="0.054"/>
  <system-out/>
  <testcase classname="Nhu.KhuyenMai.CapNhatTest" name="TC_THEMKM_05" time="0.033"/>
  <system-out/>
  <testcase classname="Nhu.KhuyenMai.CapNhatTest" name="TC_THEMKM_03" time="0.001"/>
  <system-out/>
  <testcase classname="Nhu.KhuyenMai.CapNhatTest" name="TC_THEMKM_08" time="0.002"/>
  <system-out/>
  <testcase classname="Nhu.KhuyenMai.CapNhatTest" name="TC_THEMKM_04" time="0.004"/>
  <system-out/>
  <testcase classname="Nhu.KhuyenMai.CapNhatTest" name="TC_THEMKM_06" time="0.001"/>
  <system-out/>
  <testcase classname="Nhu.KhuyenMai.CapNhatTest" name="TC_THEMKM_07" time="0.006"/>
  <system-out/>
  <testcase classname="Nhu.KhuyenMai.CapNhatTest" name="TC_CAPNHATKM_02" time="0.001">
    <error message="Cannot invoke &quot;model.KhuyenMai.getTenKM()&quot; because &quot;km&quot; is null" type="java.lang.NullPointerException">
      <![CDATA[java.lang.NullPointerException: Cannot invoke "model.KhuyenMai.getTenKM()" because "km" is null
at view.KhuyenMai.KiemLoi_Test(KhuyenMai.java:414)
at view.KhuyenMai.capnhat_Test(KhuyenMai.java:270)
at Nhu.KhuyenMai.CapNhatTest.TC_CAPNHATKM_02(CapNhatTest.java:58)
at java.base/jdk.internal.reflect.DirectMethodHandleAccessor.invoke(DirectMethodHandleAccessor.java:104)
at java.base/java.lang.reflect.Method.invoke(Method.java:578)
at org.testng.internal.MethodInvocationHelper.invokeMethod(MethodInvocationHelper.java:133)
at org.testng.internal.TestInvoker.invokeMethod(TestInvoker.java:598)
at org.testng.internal.TestInvoker.invokeTestMethod(TestInvoker.java:173)
at org.testng.internal.MethodRunner.runInSequence(MethodRunner.java:46)
at org.testng.internal.TestInvoker$MethodInvocationAgent.invoke(TestInvoker.java:824)
at org.testng.internal.TestInvoker.invokeTestMethods(TestInvoker.java:146)
at org.testng.internal.TestMethodWorker.invokeTestMethods(TestMethodWorker.java:146)
at org.testng.internal.TestMethodWorker.run(TestMethodWorker.java:128)
at java.base/java.util.ArrayList.forEach(ArrayList.java:1511)
at org.testng.TestRunner.privateRun(TestRunner.java:794)
at org.testng.TestRunner.run(TestRunner.java:596)
at org.testng.SuiteRunner.runTest(SuiteRunner.java:377)
at org.testng.SuiteRunner.runSequentially(SuiteRunner.java:371)
at org.testng.SuiteRunner.privateRun(SuiteRunner.java:332)
at org.testng.SuiteRunner.run(SuiteRunner.java:276)
at org.testng.SuiteRunnerWorker.runSuite(SuiteRunnerWorker.java:53)
at org.testng.SuiteRunnerWorker.run(SuiteRunnerWorker.java:96)
at org.testng.TestNG.runSuitesSequentially(TestNG.java:1212)
at org.testng.TestNG.runSuitesLocally(TestNG.java:1134)
at org.testng.TestNG.runSuites(TestNG.java:1063)
at org.testng.TestNG.run(TestNG.java:1031)
at org.testng.remote.AbstractRemoteTestNG.run(AbstractRemoteTestNG.java:115)
at org.testng.remote.RemoteTestNG.initAndRun(RemoteTestNG.java:251)
at org.testng.remote.RemoteTestNG.main(RemoteTestNG.java:77)
]]>
    </error>
  </testcase> <!-- TC_CAPNHATKM_02 -->
  <system-out/>
</testsuite> <!-- Nhu.KhuyenMai.CapNhatTest -->
