<?xml version="1.0" encoding="UTF-8"?>
<!-- Generated by org.testng.reporters.JUnitReportReporter -->
<testsuite hostname="DESKTOP-9I87QRH" failures="1" tests="12" name="Nguyen.NhanVien.addTest" time="0.441" errors="0" timestamp="2024-04-07T17:49:51 ICT" skipped="0">
  <testcase classname="Nguyen.NhanVien.addTest" name="TC_ADD_NV_07" time="0.026"/>
  <system-out/>
  <testcase classname="Nguyen.NhanVien.addTest" name="TC_ADD_NV_08" time="0.026"/>
  <system-out/>
  <testcase classname="Nguyen.NhanVien.addTest" name="TC_ADD_NV_05" time="0.028"/>
  <system-out/>
  <testcase classname="Nguyen.NhanVien.addTest" name="TC_ADD_NV_03" time="0.031"/>
  <system-out/>
  <testcase classname="Nguyen.NhanVien.addTest" name="TC_ADD_NV_06" time="0.027"/>
  <system-out/>
  <testcase classname="Nguyen.NhanVien.addTest" name="TC_ADD_NV_01" time="0.058">
    <failure message="expected [pass] but found [java.lang.RuntimeException: com.microsoft.sqlserver.jdbc.SQLServerException: Violation of UNIQUE KEY constraint &#039;UQ__NhanVien__A9D10534699A4091&#039;. Cannot insert duplicate key in object &#039;dbo.NhanVien&#039;. The duplicate key value is (nguyenTeo111@gmail.com).]" type="java.lang.AssertionError">
      <![CDATA[java.lang.AssertionError: expected [pass] but found [java.lang.RuntimeException: com.microsoft.sqlserver.jdbc.SQLServerException: Violation of UNIQUE KEY constraint 'UQ__NhanVien__A9D10534699A4091'. Cannot insert duplicate key in object 'dbo.NhanVien'. The duplicate key value is (nguyenTeo111@gmail.com).]
at org.testng.Assert.fail(Assert.java:99)
at org.testng.Assert.failNotEquals(Assert.java:1037)
at org.testng.Assert.assertEqualsImpl(Assert.java:140)
at org.testng.Assert.assertEquals(Assert.java:122)
at org.testng.Assert.assertEquals(Assert.java:629)
at org.testng.Assert.assertEquals(Assert.java:639)
at Nguyen.NhanVien.addTest.TC_ADD_NV_01(addTest.java:40)
at java.base/jdk.internal.reflect.DirectMethodHandleAccessor.invoke(DirectMethodHandleAccessor.java:104)
at java.base/java.lang.reflect.Method.invoke(Method.java:578)
at org.testng.internal.MethodInvocationHelper.invokeMethod(MethodInvocationHelper.java:133)
at org.testng.internal.TestInvoker.invokeMethod(TestInvoker.java:598)
at org.testng.internal.TestInvoker.invokeTestMethod(TestInvoker.java:173)
at org.testng.internal.MethodRunner.runInSequence(MethodRunner.java:46)
at org.testng.internal.TestInvoker$MethodInvocationAgent.invoke(TestInvoker.java:824)
at org.testng.internal.TestInvoker.invokeTestMethods(TestInvoker.java:146)
at org.testng.internal.TestMethodWorker.invokeTestMethods(TestMethodWorker.java:146)
at org.testng.internal.TestMethodWorker.run(TestMethodWorker.java:128)
at java.base/java.util.ArrayList.forEach(ArrayList.java:1511)
at org.testng.TestRunner.privateRun(TestRunner.java:794)
at org.testng.TestRunner.run(TestRunner.java:596)
at org.testng.SuiteRunner.runTest(SuiteRunner.java:377)
at org.testng.SuiteRunner.runSequentially(SuiteRunner.java:371)
at org.testng.SuiteRunner.privateRun(SuiteRunner.java:332)
at org.testng.SuiteRunner.run(SuiteRunner.java:276)
at org.testng.SuiteRunnerWorker.runSuite(SuiteRunnerWorker.java:53)
at org.testng.SuiteRunnerWorker.run(SuiteRunnerWorker.java:96)
at org.testng.TestNG.runSuitesSequentially(TestNG.java:1212)
at org.testng.TestNG.runSuitesLocally(TestNG.java:1134)
at org.testng.TestNG.runSuites(TestNG.java:1063)
at org.testng.TestNG.run(TestNG.java:1031)
at org.testng.remote.AbstractRemoteTestNG.run(AbstractRemoteTestNG.java:115)
at org.testng.remote.RemoteTestNG.initAndRun(RemoteTestNG.java:251)
at org.testng.remote.RemoteTestNG.main(RemoteTestNG.java:77)
]]>
    </failure>
  </testcase> <!-- TC_ADD_NV_01 -->
  <system-out/>
  <testcase classname="Nguyen.NhanVien.addTest" name="TC_ADD_NV_10" time="0.027"/>
  <system-out/>
  <testcase classname="Nguyen.NhanVien.addTest" name="TC_ADD_NV_04" time="0.027"/>
  <system-out/>
  <testcase classname="Nguyen.NhanVien.addTest" name="TC_ADD_NV_12" time="0.054"/>
  <system-out/>
  <testcase classname="Nguyen.NhanVien.addTest" name="TC_ADD_NV_02" time="0.034"/>
  <system-out/>
  <testcase classname="Nguyen.NhanVien.addTest" name="TC_ADD_NV_09" time="0.026"/>
  <system-out/>
  <testcase classname="Nguyen.NhanVien.addTest" name="TC_ADD_NV_11" time="0.077"/>
  <system-out/>
</testsuite> <!-- Nguyen.NhanVien.addTest -->
