<?xml version="1.0" encoding="UTF-8"?>
<!-- Generated by org.testng.reporters.JUnitReportReporter -->
<testsuite hostname="DESKTOP-9I87QRH" failures="1" tests="8" name="Nguyen.NhaCungCap.themTest" time="0.255" errors="0" timestamp="2024-04-07T17:49:51 ICT" skipped="0">
  <testcase classname="Nguyen.NhaCungCap.themTest" name="TC_THEM_05" time="0.028"/>
  <system-out/>
  <testcase classname="Nguyen.NhaCungCap.themTest" name="TC_THEM_02" time="0.032"/>
  <system-out/>
  <testcase classname="Nguyen.NhaCungCap.themTest" name="TC_THEM_08" time="0.026"/>
  <system-out/>
  <testcase classname="Nguyen.NhaCungCap.themTest" name="TC_THEM_04" time="0.030"/>
  <system-out/>
  <testcase classname="Nguyen.NhaCungCap.themTest" name="TC_THEM_07" time="0.027"/>
  <system-out/>
  <testcase classname="Nguyen.NhaCungCap.themTest" name="TC_THEM_01" time="0.057">
    <failure message="expected [Thêm thành công!] but found [java.lang.RuntimeException: com.microsoft.sqlserver.jdbc.SQLServerException: Violation of PRIMARY KEY constraint &#039;PK__NhaCungC__3A185DEB8621C31E&#039;. Cannot insert duplicate key in object &#039;dbo.NhaCungCap&#039;. The duplicate key value is (NCC031).]" type="java.lang.AssertionError">
      <![CDATA[java.lang.AssertionError: expected [Thêm thành công!] but found [java.lang.RuntimeException: com.microsoft.sqlserver.jdbc.SQLServerException: Violation of PRIMARY KEY constraint 'PK__NhaCungC__3A185DEB8621C31E'. Cannot insert duplicate key in object 'dbo.NhaCungCap'. The duplicate key value is (NCC031).]
at org.testng.Assert.fail(Assert.java:99)
at org.testng.Assert.failNotEquals(Assert.java:1037)
at org.testng.Assert.assertEqualsImpl(Assert.java:140)
at org.testng.Assert.assertEquals(Assert.java:122)
at org.testng.Assert.assertEquals(Assert.java:629)
at org.testng.Assert.assertEquals(Assert.java:639)
at Nguyen.NhaCungCap.themTest.TC_THEM_01(themTest.java:17)
at java.base/jdk.internal.reflect.DirectMethodHandleAccessor.invoke(DirectMethodHandleAccessor.java:104)
at java.base/java.lang.reflect.Method.invoke(Method.java:578)
at org.testng.internal.MethodInvocationHelper.invokeMethod(MethodInvocationHelper.java:133)
at org.testng.internal.TestInvoker.invokeMethod(TestInvoker.java:598)
at org.testng.internal.TestInvoker.invokeTestMethod(TestInvoker.java:173)
at org.testng.internal.MethodRunner.runInSequence(MethodRunner.java:46)
at org.testng.internal.TestInvoker$MethodInvocationAgent.invoke(TestInvoker.java:824)
at org.testng.internal.TestInvoker.invokeTestMethods(TestInvoker.java:146)
at org.testng.internal.TestMethodWorker.invokeTestMethods(TestMethodWorker.java:146)
at org.testng.internal.TestMethodWorker.run(TestMethodWorker.java:128)
at java.base/java.util.ArrayList.forEach(ArrayList.java:1511)
at org.testng.TestRunner.privateRun(TestRunner.java:794)
at org.testng.TestRunner.run(TestRunner.java:596)
at org.testng.SuiteRunner.runTest(SuiteRunner.java:377)
at org.testng.SuiteRunner.runSequentially(SuiteRunner.java:371)
at org.testng.SuiteRunner.privateRun(SuiteRunner.java:332)
at org.testng.SuiteRunner.run(SuiteRunner.java:276)
at org.testng.SuiteRunnerWorker.runSuite(SuiteRunnerWorker.java:53)
at org.testng.SuiteRunnerWorker.run(SuiteRunnerWorker.java:96)
at org.testng.TestNG.runSuitesSequentially(TestNG.java:1212)
at org.testng.TestNG.runSuitesLocally(TestNG.java:1134)
at org.testng.TestNG.runSuites(TestNG.java:1063)
at org.testng.TestNG.run(TestNG.java:1031)
at org.testng.remote.AbstractRemoteTestNG.run(AbstractRemoteTestNG.java:115)
at org.testng.remote.RemoteTestNG.initAndRun(RemoteTestNG.java:251)
at org.testng.remote.RemoteTestNG.main(RemoteTestNG.java:77)
]]>
    </failure>
  </testcase> <!-- TC_THEM_01 -->
  <system-out/>
  <testcase classname="Nguyen.NhaCungCap.themTest" name="TC_THEM_06" time="0.026"/>
  <system-out/>
  <testcase classname="Nguyen.NhaCungCap.themTest" name="TC_THEM_03" time="0.029"/>
  <system-out/>
</testsuite> <!-- Nguyen.NhaCungCap.themTest -->
