<html>
<head>
<title>TestNG:  KhuyenMaiTest</title>
<link href="../testng.css" rel="stylesheet" type="text/css" />
<link href="../my-testng.css" rel="stylesheet" type="text/css" />

<style type="text/css">
.log { display: none;} 
.stack-trace { display: none;} 
</style>
<script type="text/javascript">
<!--
function flip(e) {
  current = e.style.display;
  if (current == 'block') {
    e.style.display = 'none';
    return 0;
  }
  else {
    e.style.display = 'block';
    return 1;
  }
}

function toggleBox(szDivId, elem, msg1, msg2)
{
  var res = -1;  if (document.getElementById) {
    res = flip(document.getElementById(szDivId));
  }
  else if (document.all) {
    // this is the way old msie versions work
    res = flip(document.all[szDivId]);
  }
  if(elem) {
    if(res == 0) elem.innerHTML = msg1; else elem.innerHTML = msg2;
  }

}

function toggleAllBoxes() {
  if (document.getElementsByTagName) {
    d = document.getElementsByTagName('div');
    for (i = 0; i < d.length; i++) {
      if (d[i].className == 'log') {
        flip(d[i]);
      }
    }
  }
}

// -->
</script>

</head>
<body>
<h2 align='center'>KhuyenMaiTest</h2><table border='1' align="center">
<tr>
<td>Tests passed/Failed/Skipped:</td><td>25/4/0</td>
</tr><tr>
<td>Started on:</td><td>Sun Apr 07 15:00:11 ICT 2024</td>
</tr>
<tr><td>Total time:</td><td>2 seconds (2356 ms)</td>
</tr><tr>
<td>Included groups:</td><td></td>
</tr><tr>
<td>Excluded groups:</td><td></td>
</tr>
</table><p/>
<small><i>(Hover the method name to see the test class name)</i></small><p/>
<table width='100%' border='1' class='invocation-failed'>
<tr><td colspan='4' align='center'><b>FAILED TESTS</b></td></tr>
<tr><td><b>Test method</b></td>
<td width="30%"><b>Exception</b></td>
<td width="10%"><b>Time (seconds)</b></td>
<td><b>Instance</b></td>
</tr>
<tr>
<td title='Nhu.KhuyenMai.ThemTest.TC_THEMKM_03()'><b>TC_THEMKM_03</b><br>Test class: Nhu.KhuyenMai.ThemTest<br>Test method: Thêm thất bại với khuyến mãi null</td>
<td><div><pre>java.lang.NullPointerException: Cannot invoke &quot;model.KhuyenMai.getTenKM()&quot; because &quot;km&quot; is null
	at view.KhuyenMai.KiemLoi_Test(KhuyenMai.java:414)
	at view.KhuyenMai.them_Test(KhuyenMai.java:383)
	at Nhu.KhuyenMai.ThemTest.TC_THEMKM_03(ThemTest.java:80)
	at java.base/java.util.ArrayList.forEach(ArrayList.java:1511)
... Removed 25 stack frames</pre></div><a href='#' onClick='toggleBox("stack-trace2145420209", this, "Click to show all stack frames", "Click to hide stack frames")'>Click to show all stack frames</a>
<div class='stack-trace' id='stack-trace2145420209'><pre>java.lang.NullPointerException: Cannot invoke &quot;model.KhuyenMai.getTenKM()&quot; because &quot;km&quot; is null
	at view.KhuyenMai.KiemLoi_Test(KhuyenMai.java:414)
	at view.KhuyenMai.them_Test(KhuyenMai.java:383)
	at Nhu.KhuyenMai.ThemTest.TC_THEMKM_03(ThemTest.java:80)
	at java.base/jdk.internal.reflect.DirectMethodHandleAccessor.invoke(DirectMethodHandleAccessor.java:104)
	at java.base/java.lang.reflect.Method.invoke(Method.java:578)
	at org.testng.internal.MethodInvocationHelper.invokeMethod(MethodInvocationHelper.java:133)
	at org.testng.internal.TestInvoker.invokeMethod(TestInvoker.java:598)
	at org.testng.internal.TestInvoker.invokeTestMethod(TestInvoker.java:173)
	at org.testng.internal.MethodRunner.runInSequence(MethodRunner.java:46)
	at org.testng.internal.TestInvoker$MethodInvocationAgent.invoke(TestInvoker.java:824)
	at org.testng.internal.TestInvoker.invokeTestMethods(TestInvoker.java:146)
	at org.testng.internal.TestMethodWorker.invokeTestMethods(TestMethodWorker.java:146)
	at org.testng.internal.TestMethodWorker.run(TestMethodWorker.java:128)
	at java.base/java.util.ArrayList.forEach(ArrayList.java:1511)
	at org.testng.TestRunner.privateRun(TestRunner.java:794)
	at org.testng.TestRunner.run(TestRunner.java:596)
	at org.testng.SuiteRunner.runTest(SuiteRunner.java:377)
	at org.testng.SuiteRunner.runSequentially(SuiteRunner.java:371)
	at org.testng.SuiteRunner.privateRun(SuiteRunner.java:332)
	at org.testng.SuiteRunner.run(SuiteRunner.java:276)
	at org.testng.SuiteRunnerWorker.runSuite(SuiteRunnerWorker.java:53)
	at org.testng.SuiteRunnerWorker.run(SuiteRunnerWorker.java:96)
	at org.testng.TestNG.runSuitesSequentially(TestNG.java:1212)
	at org.testng.TestNG.runSuitesLocally(TestNG.java:1134)
	at org.testng.TestNG.runSuites(TestNG.java:1063)
	at org.testng.TestNG.run(TestNG.java:1031)
	at org.testng.remote.AbstractRemoteTestNG.run(AbstractRemoteTestNG.java:115)
	at org.testng.remote.RemoteTestNG.initAndRun(RemoteTestNG.java:251)
	at org.testng.remote.RemoteTestNG.main(RemoteTestNG.java:77)
</pre></div></td>
<td>0</td>
<td>Nhu.KhuyenMai.ThemTest@56ace400</td></tr>
<tr>
<td title='Nhu.KhuyenMai.ThemTest.TC_THEMKM_02()'><b>TC_THEMKM_02</b><br>Test class: Nhu.KhuyenMai.ThemTest<br>Test method: Thêm thành công với danh sách sản phẩm không null</td>
<td><div><pre>java.lang.AssertionError: expected [Thêm thành công với 1 sản phẩm] but found [java.lang.RuntimeException: com.microsoft.sqlserver.jdbc.SQLServerException: Violation of UNIQUE KEY constraint &apos;UQ__SanPham__8BBF4A1CBD3A9718&apos;. Cannot insert duplicate key in object &apos;dbo.SanPham&apos;. The duplicate key value is (&lt;NULL&gt;).]
	at Nhu.KhuyenMai.ThemTest.TC_THEMKM_02(ThemTest.java:74)
	at java.base/java.util.ArrayList.forEach(ArrayList.java:1511)
... Removed 31 stack frames</pre></div><a href='#' onClick='toggleBox("stack-trace380616082", this, "Click to show all stack frames", "Click to hide stack frames")'>Click to show all stack frames</a>
<div class='stack-trace' id='stack-trace380616082'><pre>java.lang.AssertionError: expected [Thêm thành công với 1 sản phẩm] but found [java.lang.RuntimeException: com.microsoft.sqlserver.jdbc.SQLServerException: Violation of UNIQUE KEY constraint &apos;UQ__SanPham__8BBF4A1CBD3A9718&apos;. Cannot insert duplicate key in object &apos;dbo.SanPham&apos;. The duplicate key value is (&lt;NULL&gt;).]
	at org.testng.Assert.fail(Assert.java:99)
	at org.testng.Assert.failNotEquals(Assert.java:1037)
	at org.testng.Assert.assertEqualsImpl(Assert.java:140)
	at org.testng.Assert.assertEquals(Assert.java:122)
	at org.testng.Assert.assertEquals(Assert.java:629)
	at org.testng.Assert.assertEquals(Assert.java:639)
	at Nhu.KhuyenMai.ThemTest.TC_THEMKM_02(ThemTest.java:74)
	at java.base/jdk.internal.reflect.DirectMethodHandleAccessor.invoke(DirectMethodHandleAccessor.java:104)
	at java.base/java.lang.reflect.Method.invoke(Method.java:578)
	at org.testng.internal.MethodInvocationHelper.invokeMethod(MethodInvocationHelper.java:133)
	at org.testng.internal.TestInvoker.invokeMethod(TestInvoker.java:598)
	at org.testng.internal.TestInvoker.invokeTestMethod(TestInvoker.java:173)
	at org.testng.internal.MethodRunner.runInSequence(MethodRunner.java:46)
	at org.testng.internal.TestInvoker$MethodInvocationAgent.invoke(TestInvoker.java:824)
	at org.testng.internal.TestInvoker.invokeTestMethods(TestInvoker.java:146)
	at org.testng.internal.TestMethodWorker.invokeTestMethods(TestMethodWorker.java:146)
	at org.testng.internal.TestMethodWorker.run(TestMethodWorker.java:128)
	at java.base/java.util.ArrayList.forEach(ArrayList.java:1511)
	at org.testng.TestRunner.privateRun(TestRunner.java:794)
	at org.testng.TestRunner.run(TestRunner.java:596)
	at org.testng.SuiteRunner.runTest(SuiteRunner.java:377)
	at org.testng.SuiteRunner.runSequentially(SuiteRunner.java:371)
	at org.testng.SuiteRunner.privateRun(SuiteRunner.java:332)
	at org.testng.SuiteRunner.run(SuiteRunner.java:276)
	at org.testng.SuiteRunnerWorker.runSuite(SuiteRunnerWorker.java:53)
	at org.testng.SuiteRunnerWorker.run(SuiteRunnerWorker.java:96)
	at org.testng.TestNG.runSuitesSequentially(TestNG.java:1212)
	at org.testng.TestNG.runSuitesLocally(TestNG.java:1134)
	at org.testng.TestNG.runSuites(TestNG.java:1063)
	at org.testng.TestNG.run(TestNG.java:1031)
	at org.testng.remote.AbstractRemoteTestNG.run(AbstractRemoteTestNG.java:115)
	at org.testng.remote.RemoteTestNG.initAndRun(RemoteTestNG.java:251)
	at org.testng.remote.RemoteTestNG.main(RemoteTestNG.java:77)
</pre></div></td>
<td>0</td>
<td>Nhu.KhuyenMai.ThemTest@56ace400</td></tr>
<tr>
<td title='Nhu.KhuyenMai.ThemTest.TC_THEMKM_04()'><b>TC_THEMKM_04</b><br>Test class: Nhu.KhuyenMai.ThemTest<br>Test method: Thêm thất bại với tên khuyến mãi null</td>
<td><div><pre>java.lang.NullPointerException: Cannot invoke &quot;String.isEmpty()&quot; because the return value of &quot;model.KhuyenMai.getTenKM()&quot; is null
	at view.KhuyenMai.KiemLoi_Test(KhuyenMai.java:414)
	at view.KhuyenMai.them_Test(KhuyenMai.java:383)
	at Nhu.KhuyenMai.ThemTest.TC_THEMKM_04(ThemTest.java:91)
	at java.base/java.util.ArrayList.forEach(ArrayList.java:1511)
... Removed 25 stack frames</pre></div><a href='#' onClick='toggleBox("stack-trace1215029765", this, "Click to show all stack frames", "Click to hide stack frames")'>Click to show all stack frames</a>
<div class='stack-trace' id='stack-trace1215029765'><pre>java.lang.NullPointerException: Cannot invoke &quot;String.isEmpty()&quot; because the return value of &quot;model.KhuyenMai.getTenKM()&quot; is null
	at view.KhuyenMai.KiemLoi_Test(KhuyenMai.java:414)
	at view.KhuyenMai.them_Test(KhuyenMai.java:383)
	at Nhu.KhuyenMai.ThemTest.TC_THEMKM_04(ThemTest.java:91)
	at java.base/jdk.internal.reflect.DirectMethodHandleAccessor.invoke(DirectMethodHandleAccessor.java:104)
	at java.base/java.lang.reflect.Method.invoke(Method.java:578)
	at org.testng.internal.MethodInvocationHelper.invokeMethod(MethodInvocationHelper.java:133)
	at org.testng.internal.TestInvoker.invokeMethod(TestInvoker.java:598)
	at org.testng.internal.TestInvoker.invokeTestMethod(TestInvoker.java:173)
	at org.testng.internal.MethodRunner.runInSequence(MethodRunner.java:46)
	at org.testng.internal.TestInvoker$MethodInvocationAgent.invoke(TestInvoker.java:824)
	at org.testng.internal.TestInvoker.invokeTestMethods(TestInvoker.java:146)
	at org.testng.internal.TestMethodWorker.invokeTestMethods(TestMethodWorker.java:146)
	at org.testng.internal.TestMethodWorker.run(TestMethodWorker.java:128)
	at java.base/java.util.ArrayList.forEach(ArrayList.java:1511)
	at org.testng.TestRunner.privateRun(TestRunner.java:794)
	at org.testng.TestRunner.run(TestRunner.java:596)
	at org.testng.SuiteRunner.runTest(SuiteRunner.java:377)
	at org.testng.SuiteRunner.runSequentially(SuiteRunner.java:371)
	at org.testng.SuiteRunner.privateRun(SuiteRunner.java:332)
	at org.testng.SuiteRunner.run(SuiteRunner.java:276)
	at org.testng.SuiteRunnerWorker.runSuite(SuiteRunnerWorker.java:53)
	at org.testng.SuiteRunnerWorker.run(SuiteRunnerWorker.java:96)
	at org.testng.TestNG.runSuitesSequentially(TestNG.java:1212)
	at org.testng.TestNG.runSuitesLocally(TestNG.java:1134)
	at org.testng.TestNG.runSuites(TestNG.java:1063)
	at org.testng.TestNG.run(TestNG.java:1031)
	at org.testng.remote.AbstractRemoteTestNG.run(AbstractRemoteTestNG.java:115)
	at org.testng.remote.RemoteTestNG.initAndRun(RemoteTestNG.java:251)
	at org.testng.remote.RemoteTestNG.main(RemoteTestNG.java:77)
</pre></div></td>
<td>0</td>
<td>Nhu.KhuyenMai.ThemTest@56ace400</td></tr>
<tr>
<td title='Nhu.KhuyenMai.CapNhatTest.TC_CAPNHATKM_02()'><b>TC_CAPNHATKM_02</b><br>Test class: Nhu.KhuyenMai.CapNhatTest<br>Test method: Cập nhật thất bại với khuyến mãi null</td>
<td><div><pre>java.lang.NullPointerException: Cannot invoke &quot;model.KhuyenMai.getTenKM()&quot; because &quot;km&quot; is null
	at view.KhuyenMai.KiemLoi_Test(KhuyenMai.java:414)
	at view.KhuyenMai.capnhat_Test(KhuyenMai.java:270)
	at Nhu.KhuyenMai.CapNhatTest.TC_CAPNHATKM_02(CapNhatTest.java:58)
	at java.base/java.util.ArrayList.forEach(ArrayList.java:1511)
... Removed 25 stack frames</pre></div><a href='#' onClick='toggleBox("stack-trace1572442646", this, "Click to show all stack frames", "Click to hide stack frames")'>Click to show all stack frames</a>
<div class='stack-trace' id='stack-trace1572442646'><pre>java.lang.NullPointerException: Cannot invoke &quot;model.KhuyenMai.getTenKM()&quot; because &quot;km&quot; is null
	at view.KhuyenMai.KiemLoi_Test(KhuyenMai.java:414)
	at view.KhuyenMai.capnhat_Test(KhuyenMai.java:270)
	at Nhu.KhuyenMai.CapNhatTest.TC_CAPNHATKM_02(CapNhatTest.java:58)
	at java.base/jdk.internal.reflect.DirectMethodHandleAccessor.invoke(DirectMethodHandleAccessor.java:104)
	at java.base/java.lang.reflect.Method.invoke(Method.java:578)
	at org.testng.internal.MethodInvocationHelper.invokeMethod(MethodInvocationHelper.java:133)
	at org.testng.internal.TestInvoker.invokeMethod(TestInvoker.java:598)
	at org.testng.internal.TestInvoker.invokeTestMethod(TestInvoker.java:173)
	at org.testng.internal.MethodRunner.runInSequence(MethodRunner.java:46)
	at org.testng.internal.TestInvoker$MethodInvocationAgent.invoke(TestInvoker.java:824)
	at org.testng.internal.TestInvoker.invokeTestMethods(TestInvoker.java:146)
	at org.testng.internal.TestMethodWorker.invokeTestMethods(TestMethodWorker.java:146)
	at org.testng.internal.TestMethodWorker.run(TestMethodWorker.java:128)
	at java.base/java.util.ArrayList.forEach(ArrayList.java:1511)
	at org.testng.TestRunner.privateRun(TestRunner.java:794)
	at org.testng.TestRunner.run(TestRunner.java:596)
	at org.testng.SuiteRunner.runTest(SuiteRunner.java:377)
	at org.testng.SuiteRunner.runSequentially(SuiteRunner.java:371)
	at org.testng.SuiteRunner.privateRun(SuiteRunner.java:332)
	at org.testng.SuiteRunner.run(SuiteRunner.java:276)
	at org.testng.SuiteRunnerWorker.runSuite(SuiteRunnerWorker.java:53)
	at org.testng.SuiteRunnerWorker.run(SuiteRunnerWorker.java:96)
	at org.testng.TestNG.runSuitesSequentially(TestNG.java:1212)
	at org.testng.TestNG.runSuitesLocally(TestNG.java:1134)
	at org.testng.TestNG.runSuites(TestNG.java:1063)
	at org.testng.TestNG.run(TestNG.java:1031)
	at org.testng.remote.AbstractRemoteTestNG.run(AbstractRemoteTestNG.java:115)
	at org.testng.remote.RemoteTestNG.initAndRun(RemoteTestNG.java:251)
	at org.testng.remote.RemoteTestNG.main(RemoteTestNG.java:77)
</pre></div></td>
<td>0</td>
<td>Nhu.KhuyenMai.CapNhatTest@3e14c16d</td></tr>
</table><p>
<table width='100%' border='1' class='invocation-passed'>
<tr><td colspan='4' align='center'><b>PASSED TESTS</b></td></tr>
<tr><td><b>Test method</b></td>
<td width="30%"><b>Exception</b></td>
<td width="10%"><b>Time (seconds)</b></td>
<td><b>Instance</b></td>
</tr>
<tr>
<td title='Nhu.KhuyenMai.taoMaKMTest.TC_TAOMAKM_11()'><b>TC_TAOMAKM_11</b><br>Test class: Nhu.KhuyenMai.taoMaKMTest<br>Test method: Kiểm tra khi sử dụng danh sách lớn</td>
<td></td>
<td>0</td>
<td>Nhu.KhuyenMai.taoMaKMTest@4f071df8</td></tr>
<tr>
<td title='Nhu.KhuyenMai.CapNhatTest.TC_THEMKM_05()'><b>TC_THEMKM_05</b><br>Test class: Nhu.KhuyenMai.CapNhatTest<br>Test method: Cập nhật thất bại với danh sách sản phẩm rỗng</td>
<td></td>
<td>0</td>
<td>Nhu.KhuyenMai.CapNhatTest@3e14c16d</td></tr>
<tr>
<td title='Nhu.KhuyenMai.CapNhatTest.TC_THEMKM_08()'><b>TC_THEMKM_08</b><br>Test class: Nhu.KhuyenMai.CapNhatTest<br>Test method: Cập nhật thất bại với ngày kết thúc trước ngày bắt đầu</td>
<td></td>
<td>0</td>
<td>Nhu.KhuyenMai.CapNhatTest@3e14c16d</td></tr>
<tr>
<td title='Nhu.KhuyenMai.CapNhatTest.TC_THEMKM_04()'><b>TC_THEMKM_04</b><br>Test class: Nhu.KhuyenMai.CapNhatTest<br>Test method: Cập nhật thất bại với ngày kết thúc trước ngày bắt đầu</td>
<td></td>
<td>0</td>
<td>Nhu.KhuyenMai.CapNhatTest@3e14c16d</td></tr>
<tr>
<td title='Nhu.KhuyenMai.CapNhatTest.TC_THEMKM_06()'><b>TC_THEMKM_06</b><br>Test class: Nhu.KhuyenMai.CapNhatTest<br>Test method: Cập nhật thất bại với mức giảm giá không hợp lệ</td>
<td></td>
<td>0</td>
<td>Nhu.KhuyenMai.CapNhatTest@3e14c16d</td></tr>
<tr>
<td title='Nhu.KhuyenMai.taoMaKMTest.TC_TAOMAKM_03()'><b>TC_TAOMAKM_03</b><br>Test class: Nhu.KhuyenMai.taoMaKMTest<br>Test method: Kiểm tra khi danh sách không rỗng</td>
<td></td>
<td>0</td>
<td>Nhu.KhuyenMai.taoMaKMTest@4f071df8</td></tr>
<tr>
<td title='Nhu.KhuyenMai.taoMaKMTest.TC_TAOMAKM_06()'><b>TC_TAOMAKM_06</b><br>Test class: Nhu.KhuyenMai.taoMaKMTest<br>Test method: Kiểm tra khi sử dụng số lớn nhất cho ID</td>
<td></td>
<td>0</td>
<td>Nhu.KhuyenMai.taoMaKMTest@4f071df8</td></tr>
<tr>
<td title='Nhu.KhuyenMai.ThemTest.TC_THEMKM_10()'><b>TC_THEMKM_10</b><br>Test class: Nhu.KhuyenMai.ThemTest<br>Test method: Thêm thất bại với ngày kết thúc trước ngày bắt đầu</td>
<td></td>
<td>0</td>
<td>Nhu.KhuyenMai.ThemTest@56ace400</td></tr>
<tr>
<td title='Nhu.KhuyenMai.CapNhatTest.TC_THEMKM_01()'><b>TC_THEMKM_01</b><br>Test class: Nhu.KhuyenMai.CapNhatTest<br>Test method: Cập nhật thành công với 0 sản phẩm</td>
<td></td>
<td>0</td>
<td>Nhu.KhuyenMai.CapNhatTest@3e14c16d</td></tr>
<tr>
<td title='Nhu.KhuyenMai.ThemTest.TC_THEMKM_06()'><b>TC_THEMKM_06</b><br>Test class: Nhu.KhuyenMai.ThemTest<br>Test method: Thêm thất bại với ngày kết thúc trước ngày bắt đầu</td>
<td></td>
<td>0</td>
<td>Nhu.KhuyenMai.ThemTest@56ace400</td></tr>
<tr>
<td title='Nhu.KhuyenMai.taoMaKMTest.TC_TAOMAKM_09()'><b>TC_TAOMAKM_09</b><br>Test class: Nhu.KhuyenMai.taoMaKMTest<br>Test method: Kiểm tra khi sử dụng số 0 dẫn đầu cho ID</td>
<td></td>
<td>0</td>
<td>Nhu.KhuyenMai.taoMaKMTest@4f071df8</td></tr>
<tr>
<td title='Nhu.KhuyenMai.ThemTest.TC_THEMKM_05()'><b>TC_THEMKM_05</b><br>Test class: Nhu.KhuyenMai.ThemTest<br>Test method: Thêm thất bại với mức giảm giá không hợp lệ</td>
<td></td>
<td>0</td>
<td>Nhu.KhuyenMai.ThemTest@56ace400</td></tr>
<tr>
<td title='Nhu.KhuyenMai.taoMaKMTest.TC_TAOMAKM_05()'><b>TC_TAOMAKM_05</b><br>Test class: Nhu.KhuyenMai.taoMaKMTest<br>Test method: Kiểm tra khi MaKM dài hơn 5 ký tự</td>
<td></td>
<td>0</td>
<td>Nhu.KhuyenMai.taoMaKMTest@4f071df8</td></tr>
<tr>
<td title='Nhu.KhuyenMai.CapNhatTest.TC_THEMKM_07()'><b>TC_THEMKM_07</b><br>Test class: Nhu.KhuyenMai.CapNhatTest<br>Test method: Cập nhật thất bại với ngày kết thúc trước ngày bắt đầu</td>
<td></td>
<td>0</td>
<td>Nhu.KhuyenMai.CapNhatTest@3e14c16d</td></tr>
<tr>
<td title='Nhu.KhuyenMai.taoMaKMTest.TC_TAOMAKM_01()'><b>TC_TAOMAKM_01</b><br>Test class: Nhu.KhuyenMai.taoMaKMTest<br>Test method: Kiểm tra khi danh sách là null</td>
<td></td>
<td>0</td>
<td>Nhu.KhuyenMai.taoMaKMTest@4f071df8</td></tr>
<tr>
<td title='Nhu.KhuyenMai.taoMaKMTest.TC_TAOMAKM_07()'><b>TC_TAOMAKM_07</b><br>Test class: Nhu.KhuyenMai.taoMaKMTest<br>Test method: Kiểm tra khi sử dụng số vượt quá giới hạn</td>
<td></td>
<td>0</td>
<td>Nhu.KhuyenMai.taoMaKMTest@4f071df8</td></tr>
<tr>
<td title='Nhu.KhuyenMai.ThemTest.TC_THEMKM_08()'><b>TC_THEMKM_08</b><br>Test class: Nhu.KhuyenMai.ThemTest<br>Test method: Thêm thất bại với mức giảm giá không hợp lệ</td>
<td></td>
<td>0</td>
<td>Nhu.KhuyenMai.ThemTest@56ace400</td></tr>
<tr>
<td title='Nhu.KhuyenMai.CapNhatTest.TC_THEMKM_03()'><b>TC_THEMKM_03</b><br>Test class: Nhu.KhuyenMai.CapNhatTest<br>Test method: Cập nhật thất bại với mức giảm giá không hợp lệ</td>
<td></td>
<td>0</td>
<td>Nhu.KhuyenMai.CapNhatTest@3e14c16d</td></tr>
<tr>
<td title='Nhu.KhuyenMai.ThemTest.TC_THEMKM_09()'><b>TC_THEMKM_09</b><br>Test class: Nhu.KhuyenMai.ThemTest<br>Test method: Thêm thất bại với ngày kết thúc trước ngày bắt đầu</td>
<td></td>
<td>0</td>
<td>Nhu.KhuyenMai.ThemTest@56ace400</td></tr>
<tr>
<td title='Nhu.KhuyenMai.taoMaKMTest.TC_TAOMAKM_10()'><b>TC_TAOMAKM_10</b><br>Test class: Nhu.KhuyenMai.taoMaKMTest<br>Test method: Kiểm tra khi sử dụng số âm làm ID</td>
<td></td>
<td>0</td>
<td>Nhu.KhuyenMai.taoMaKMTest@4f071df8</td></tr>
<tr>
<td title='Nhu.KhuyenMai.taoMaKMTest.TC_TAOMAKM_02()'><b>TC_TAOMAKM_02</b><br>Test class: Nhu.KhuyenMai.taoMaKMTest<br>Test method: Kiểm tra khi danh sách là rỗng</td>
<td></td>
<td>0</td>
<td>Nhu.KhuyenMai.taoMaKMTest@4f071df8</td></tr>
<tr>
<td title='Nhu.KhuyenMai.taoMaKMTest.TC_TAOMAKM_08()'><b>TC_TAOMAKM_08</b><br>Test class: Nhu.KhuyenMai.taoMaKMTest<br>Test method: Kiểm tra khi sử dụng ký tự đặc biệt trong MaKM</td>
<td></td>
<td>0</td>
<td>Nhu.KhuyenMai.taoMaKMTest@4f071df8</td></tr>
<tr>
<td title='Nhu.KhuyenMai.ThemTest.TC_THEMKM_07()'><b>TC_THEMKM_07</b><br>Test class: Nhu.KhuyenMai.ThemTest<br>Test method: Thêm thất bại với danh sách sản phẩm rỗng</td>
<td></td>
<td>0</td>
<td>Nhu.KhuyenMai.ThemTest@56ace400</td></tr>
<tr>
<td title='Nhu.KhuyenMai.taoMaKMTest.TC_TAOMAKM_04()'><b>TC_TAOMAKM_04</b><br>Test class: Nhu.KhuyenMai.taoMaKMTest<br>Test method: Kiểm tra khi MaKM ngắn hơn 3 ký tự</td>
<td></td>
<td>0</td>
<td>Nhu.KhuyenMai.taoMaKMTest@4f071df8</td></tr>
<tr>
<td title='Nhu.KhuyenMai.ThemTest.TC_THEMKM_01()'><b>TC_THEMKM_01</b><br>Test class: Nhu.KhuyenMai.ThemTest<br>Test method: Thêm thành công với 0 sản phẩm</td>
<td></td>
<td>0</td>
<td>Nhu.KhuyenMai.ThemTest@56ace400</td></tr>
</table><p>
</body>
</html>